21:20:19.920 [main] INFO  utils.Log - Called method <click> on element<a href="https://keyfood.ro/my-account-2/">My account</a>
21:20:19.981 [main] INFO  utils.Log - Called method <waitForElementToBeClickable> on element<a href="https://keyfood.ro/my-account-2/">My account</a>
21:20:20.811 [main] INFO  utils.Log - Called method <sendKeys()> on element <input type="text" class="woocommerce-Input woocommerce-Input--text input-text" name="username" id="username" autocomplete="username" value="">
21:20:20.837 [main] INFO  utils.Log - Called method <waitForElementToBeVisible> on element<input type="text" class="woocommerce-Input woocommerce-Input--text input-text" name="username" id="username" autocomplete="username" value="">
21:20:21.038 [main] INFO  utils.Log - Called method <sendKeys()> on element <input class="woocommerce-Input woocommerce-Input--text input-text" type="password" name="password" id="password" autocomplete="current-password">
21:20:21.060 [main] INFO  utils.Log - Called method <waitForElementToBeVisible> on element<input class="woocommerce-Input woocommerce-Input--text input-text" type="password" name="password" id="password" autocomplete="current-password">
21:20:21.228 [main] INFO  utils.Log - Called method <click> on element<button type="submit" class="woocommerce-button button woocommerce-form-login__submit" name="login" value="Log in">Log in</button>
21:20:21.248 [main] INFO  utils.Log - Called method <waitForElementToBeClickable> on element<button type="submit" class="woocommerce-button button woocommerce-form-login__submit" name="login" value="Log in">Log in</button>
21:20:22.426 [main] INFO  utils.Log - Called method <click> on element<span class="text">ALL CATEGORIES</span>
21:20:22.450 [main] INFO  utils.Log - Called method <waitForElementToBeClickable> on element<span class="text">ALL CATEGORIES</span>
21:20:22.637 [main] INFO  utils.Log - Called method <click> on element<a href="https://keyfood.ro/product-category/fruits-vegetables/"><i class="klbth-icon-apple-juice"></i> Fruits &amp; Vegetables</a>
21:20:22.691 [main] INFO  utils.Log - Called method <waitForElementToBeClickable> on element<a href="https://keyfood.ro/product-category/fruits-vegetables/"><i class="klbth-icon-apple-juice"></i> Fruits &amp; Vegetables</a>
21:20:24.027 [main] INFO  utils.Log - Called method <click> on element<a href="https://keyfood.ro/product/fresh-produce-melons-each/" title="Fresh Produce Melons Each">Fresh Produce Melons Each</a>
21:20:24.094 [main] INFO  utils.Log - Called method <waitForElementToBeClickable> on element<a href="https://keyfood.ro/product/fresh-produce-melons-each/" title="Fresh Produce Melons Each">Fresh Produce Melons Each</a>
21:20:25.167 [main] INFO  utils.Log - Called method <click> on element<span class="tinvwl_add_to_wishlist-text">Add to Wishlist</span>
21:20:25.195 [main] INFO  utils.Log - Called method <waitForElementToBeClickable> on element<span class="tinvwl_add_to_wishlist-text">Add to Wishlist</span>
21:20:25.678 [main] INFO  utils.Log - Called method <click> on element<button class="button tinvwl_button_close" type="button"><i class="ftinvwl ftinvwl-times"></i>Close					</button>
21:20:25.702 [main] INFO  utils.Log - Called method <waitForElementToBeClickable> on element<button class="button tinvwl_button_close" type="button"><i class="ftinvwl ftinvwl-times"></i>Close					</button>
21:20:25.824 [main] INFO  utils.Log - Called method <click> on element<span class="text">ALL CATEGORIES</span>
21:20:25.859 [main] INFO  utils.Log - Called method <waitForElementToBeClickable> on element<span class="text">ALL CATEGORIES</span>
21:20:26.131 [main] INFO  utils.Log - Called method <click> on element<a href="https://keyfood.ro/product-category/breakfast-dairy/"><i class="klbth-icon-boiled-egg"></i> Breakfast &amp; Dairy</a>
21:20:26.184 [main] INFO  utils.Log - Called method <waitForElementToBeClickable> on element<a href="https://keyfood.ro/product-category/breakfast-dairy/"><i class="klbth-icon-boiled-egg"></i> Breakfast &amp; Dairy</a>
21:20:27.767 [main] INFO  utils.Log - Called method <click> on element<a href="https://keyfood.ro/product/vital-farms-pasture-raised-egg-bites-bacon-cheddar/" title="Vital Farms Pasture-Raised Egg Bites Bacon &amp; Cheddar">Vital Farms Pasture-Raised Egg Bites Bacon &amp; Cheddar</a>
21:20:27.842 [main] INFO  utils.Log - Called method <waitForElementToBeClickable> on element<a href="https://keyfood.ro/product/vital-farms-pasture-raised-egg-bites-bacon-cheddar/" title="Vital Farms Pasture-Raised Egg Bites Bacon &amp; Cheddar">Vital Farms Pasture-Raised Egg Bites Bacon &amp; Cheddar</a>
21:20:28.968 [main] INFO  utils.Log - Called method <click> on element<span class="tinvwl_add_to_wishlist-text">Add to Wishlist</span>
21:20:28.991 [main] INFO  utils.Log - Called method <waitForElementToBeClickable> on element<span class="tinvwl_add_to_wishlist-text">Add to Wishlist</span>
21:20:29.361 [main] INFO  utils.Log - Called method <click> on element<button class="button tinvwl_button_close" type="button"><i class="ftinvwl ftinvwl-times"></i>Close					</button>
21:20:29.384 [main] INFO  utils.Log - Called method <waitForElementToBeClickable> on element<button class="button tinvwl_button_close" type="button"><i class="ftinvwl ftinvwl-times"></i>Close					</button>
21:20:29.499 [main] INFO  utils.Log - Called method <click> on element<span class="text">ALL CATEGORIES</span>
21:20:29.526 [main] INFO  utils.Log - Called method <waitForElementToBeClickable> on element<span class="text">ALL CATEGORIES</span>
21:20:29.804 [main] INFO  utils.Log - Called method <click> on element<a href="https://keyfood.ro/product-category/biscuits-snacks/"><i class="klbth-icon-candy"></i> Biscuits &amp; Snacks</a>
21:20:29.859 [main] INFO  utils.Log - Called method <waitForElementToBeClickable> on element<a href="https://keyfood.ro/product-category/biscuits-snacks/"><i class="klbth-icon-candy"></i> Biscuits &amp; Snacks</a>
21:20:31.042 [main] INFO  utils.Log - Called method <click> on element<a href="https://keyfood.ro/product/shimmer-pastel-almond-blend/" title="Shimmer Pastel Almond Blend">Shimmer Pastel Almond Blend</a>
21:20:31.113 [main] INFO  utils.Log - Called method <waitForElementToBeClickable> on element<a href="https://keyfood.ro/product/shimmer-pastel-almond-blend/" title="Shimmer Pastel Almond Blend">Shimmer Pastel Almond Blend</a>
21:20:32.082 [main] INFO  utils.Log - Called method <click> on element<span class="tinvwl_add_to_wishlist-text">Add to Wishlist</span>
21:20:32.108 [main] INFO  utils.Log - Called method <waitForElementToBeClickable> on element<span class="tinvwl_add_to_wishlist-text">Add to Wishlist</span>
21:20:32.530 [main] INFO  utils.Log - Called method <click> on element<button class="button tinvwl_button_close" type="button"><i class="ftinvwl ftinvwl-times"></i>Close					</button>
21:20:32.553 [main] INFO  utils.Log - Called method <waitForElementToBeClickable> on element<button class="button tinvwl_button_close" type="button"><i class="ftinvwl ftinvwl-times"></i>Close					</button>
21:20:32.673 [main] INFO  utils.Log - Called method <click> on element<span class="text">ALL CATEGORIES</span>
21:20:32.695 [main] INFO  utils.Log - Called method <waitForElementToBeClickable> on element<span class="text">ALL CATEGORIES</span>
21:20:32.989 [main] INFO  utils.Log - Called method <click> on element<a href="https://keyfood.ro/product-category/beverages/"><i class="klbth-icon-cup"></i> Beverages</a>
21:20:33.046 [main] INFO  utils.Log - Called method <waitForElementToBeClickable> on element<a href="https://keyfood.ro/product-category/beverages/"><i class="klbth-icon-cup"></i> Beverages</a>
21:20:34.445 [main] INFO  utils.Log - Called method <click> on element<a href="https://keyfood.ro/product/zevia-kidz-strawberry-lemonade-zero-calorie-soda/" title="Zevia Kidz Strawberry Lemonade Zero Calorie Soda">Zevia Kidz Strawberry Lemonade Zero Calorie Soda</a>
21:20:34.536 [main] INFO  utils.Log - Called method <waitForElementToBeClickable> on element<a href="https://keyfood.ro/product/zevia-kidz-strawberry-lemonade-zero-calorie-soda/" title="Zevia Kidz Strawberry Lemonade Zero Calorie Soda">Zevia Kidz Strawberry Lemonade Zero Calorie Soda</a>
21:20:35.563 [main] INFO  utils.Log - Called method <click> on element<span class="tinvwl_add_to_wishlist-text">Add to Wishlist</span>
21:20:35.586 [main] INFO  utils.Log - Called method <waitForElementToBeClickable> on element<span class="tinvwl_add_to_wishlist-text">Add to Wishlist</span>
21:20:35.984 [main] INFO  utils.Log - Called method <click> on element<button class="button tinvwl_button_close" type="button"><i class="ftinvwl ftinvwl-times"></i>Close					</button>
21:20:36.006 [main] INFO  utils.Log - Called method <waitForElementToBeClickable> on element<button class="button tinvwl_button_close" type="button"><i class="ftinvwl ftinvwl-times"></i>Close					</button>
21:20:36.151 [main] INFO  utils.Log - Called method <click> on element<a href="https://keyfood.ro/wishlist/">Wishlist</a>
21:20:36.192 [main] INFO  utils.Log - Called method <waitForElementToBeClickable> on element<a href="https://keyfood.ro/wishlist/">Wishlist</a>
21:20:38.066 [main] INFO  utils.Log - Called method <click> on element<input type="checkbox" class="global-cb" title="Select all for bulk action">
21:20:38.088 [main] INFO  utils.Log - Called method <waitForElementToBeClickable> on element<input type="checkbox" class="global-cb" title="Select all for bulk action">
21:20:38.268 [main] INFO  utils.Log - Called method <selectByValue()> on element <select name="product_actions" id="tinvwl_product_actions" class="tinvwl-break-input-filed form-control"><option value="" selected="selected">Actions</option><option value="add_selected">Add to Cart</option><option value="remove">Remove</option></select>
21:20:38.432 [main] INFO  utils.Log - Called method <click> on element<button type="submit" class="button tinvwl-break-input tinvwl-break-checkbox" name="tinvwl-action" value="product_apply" title="Apply Action">Apply <span class="tinvwl-mobile">Action</span></button>
21:20:38.452 [main] INFO  utils.Log - Called method <waitForElementToBeClickable> on element<button type="submit" class="button tinvwl-break-input tinvwl-break-checkbox" name="tinvwl-action" value="product_apply" title="Apply Action">Apply <span class="tinvwl-mobile">Action</span></button>
